<?xml version="1.0" encoding="UTF-8"?>
<testng-results ignored="0" total="1" passed="1" failed="0" skipped="0">
  <reporter-output>
  </reporter-output>
  <suite started-at="2022-05-27T14:51:30 IST" name="Default suite" finished-at="2022-05-27T14:51:30 IST" duration-ms="91">
    <groups>
    </groups>
    <test started-at="2022-05-27T14:51:30 IST" name="Default test" finished-at="2022-05-27T14:51:30 IST" duration-ms="91">
      <class name="pac1.SampleTestNG">
        <test-method is-config="true" signature="beforeclass()[pri:0, instance:pac1.SampleTestNG@47d90b9e]" started-at="2022-05-27T14:51:30 IST" name="beforeclass" finished-at="2022-05-27T14:51:30 IST" duration-ms="11" status="PASS">
          <reporter-output>
          </reporter-output>
        </test-method> <!-- beforeclass -->
        <test-method is-config="true" signature="beforemethod()[pri:0, instance:pac1.SampleTestNG@47d90b9e]" started-at="2022-05-27T14:51:30 IST" name="beforemethod" finished-at="2022-05-27T14:51:30 IST" duration-ms="1" status="PASS">
          <reporter-output>
          </reporter-output>
        </test-method> <!-- beforemethod -->
        <test-method signature="test()[pri:0, instance:pac1.SampleTestNG@47d90b9e]" started-at="2022-05-27T14:51:30 IST" name="test" finished-at="2022-05-27T14:51:30 IST" duration-ms="9" status="PASS">
          <reporter-output>
          </reporter-output>
        </test-method> <!-- test -->
        <test-method is-config="true" signature="aftermethod()[pri:0, instance:pac1.SampleTestNG@47d90b9e]" started-at="2022-05-27T14:51:30 IST" name="aftermethod" finished-at="2022-05-27T14:51:30 IST" duration-ms="0" status="PASS">
          <reporter-output>
          </reporter-output>
        </test-method> <!-- aftermethod -->
        <test-method is-config="true" signature="afterclass()[pri:0, instance:pac1.SampleTestNG@47d90b9e]" started-at="2022-05-27T14:51:30 IST" name="afterclass" finished-at="2022-05-27T14:51:30 IST" duration-ms="0" status="PASS">
          <reporter-output>
          </reporter-output>
        </test-method> <!-- afterclass -->
      </class> <!-- pac1.SampleTestNG -->
    </test> <!-- Default test -->
  </suite> <!-- Default suite -->
</testng-results>
