<?xml version="1.0" encoding="UTF-8"?>
<!-- Generated by org.testng.reporters.JUnitXMLReporter -->
<testsuite ignored="1" hostname="DESKTOP-PI3I2B3" failures="0" tests="3" name="firefox" time="0.045" errors="0" timestamp="2022-05-30T11:37:02 IST">
  <testcase classname="Suite.Sample1" name="test1" time="0.003"/>
  <testcase classname="Suite.Sample2" name="test" time="0.004"/>
  <testcase classname="Suite.Sample2" name="test1" time="0.003"/>
  <testcase classname="Suite.Sample1" name="test" time="0.0">
    <ignored/>
  </testcase> <!-- test -->
</testsuite> <!-- firefox -->
